[ 2013-08-18T01:52:24+08:00 ] ERR: (ThinkException) 模板不存在[./member/Tpl/Public/checkregister.html]
[ 2013-08-18T01:52:31+08:00 ] ERR: (ThinkException) 模板不存在[./member/Tpl/Public/checkregister.html]
[ 2013-08-18T01:52:34+08:00 ] ERR: (ThinkException) 模板不存在[./member/Tpl/Public/checkregister.html]
[ 2013-08-18T01:52:37+08:00 ] ERR: (ThinkException) 模板不存在[./member/Tpl/Public/checkregister.html]
[ 2013-08-18T19:01:26+08:00 ] 127.0.0.1 /open_ppsuc/member.php/ajax/ajaxrepetaemail/email/
INFO: [ app_begin ] --START--
INFO: Run ReadHtmlCache Behavior [ RunTime:0.000469s ]
INFO: Run CheckLang Behavior [ RunTime:0.000786s ]
INFO: [ app_begin ] --END-- [ RunTime:0.001390s ]
SQL: SHOW COLUMNS FROM `open_member` [ RunTime:0.007021s ]
SQL: SELECT `id` FROM `open_member` WHERE ( `email` = null ) LIMIT 1   [ RunTime:0.000354s ]

[ 2013-08-18T19:01:37+08:00 ] 127.0.0.1 /open_ppsuc/member.php/ajax/ajaxrepetaemail/email/www@qq.com
INFO: [ app_begin ] --START--
INFO: Run ReadHtmlCache Behavior [ RunTime:0.000537s ]
INFO: Run CheckLang Behavior [ RunTime:0.001433s ]
INFO: [ app_begin ] --END-- [ RunTime:0.002154s ]
SQL: SHOW COLUMNS FROM `open_member` [ RunTime:0.007525s ]
SQL: SELECT `id` FROM `open_member` WHERE ( `email` = 'www@qq' ) LIMIT 1   [ RunTime:0.000398s ]

[ 2013-08-18T19:01:42+08:00 ] 127.0.0.1 /open_ppsuc/member.php/ajax/ajaxrepetaemail/email/123@qq.com
INFO: [ app_begin ] --START--
INFO: Run ReadHtmlCache Behavior [ RunTime:0.000627s ]
INFO: Run CheckLang Behavior [ RunTime:0.000936s ]
INFO: [ app_begin ] --END-- [ RunTime:0.001742s ]
SQL: SHOW COLUMNS FROM `open_member` [ RunTime:0.006096s ]
SQL: SELECT `id` FROM `open_member` WHERE ( `email` = '123@qq' ) LIMIT 1   [ RunTime:0.000319s ]

[ 2013-08-18T19:01:44+08:00 ] 127.0.0.1 /open_ppsuc/member.php/ajax/ajaxrepetaemail/email/1029858078@qq.com
INFO: [ app_begin ] --START--
INFO: Run ReadHtmlCache Behavior [ RunTime:0.000697s ]
INFO: Run CheckLang Behavior [ RunTime:0.001204s ]
INFO: [ app_begin ] --END-- [ RunTime:0.003324s ]
SQL: SHOW COLUMNS FROM `open_member` [ RunTime:0.005883s ]
SQL: SELECT `id` FROM `open_member` WHERE ( `email` = '1029858078@qq' ) LIMIT 1   [ RunTime:0.000351s ]

[ 2013-08-18T19:01:55+08:00 ] 127.0.0.1 /open_ppsuc/member.php/ajax/ajaxrepetaemail/email/123@qq.com
INFO: [ app_begin ] --START--
INFO: Run ReadHtmlCache Behavior [ RunTime:0.000782s ]
INFO: Run CheckLang Behavior [ RunTime:0.001198s ]
INFO: [ app_begin ] --END-- [ RunTime:0.002204s ]
SQL: SHOW COLUMNS FROM `open_member` [ RunTime:0.005927s ]
SQL: SELECT `id` FROM `open_member` WHERE ( `email` = '123@qq' ) LIMIT 1   [ RunTime:0.000346s ]

[ 2013-08-18T19:02:07+08:00 ] 127.0.0.1 /open_ppsuc/member.php/ajax/ajaxrepetaemail/email/33123@qq.com
INFO: [ app_begin ] --START--
INFO: Run ReadHtmlCache Behavior [ RunTime:0.000532s ]
INFO: Run CheckLang Behavior [ RunTime:0.000954s ]
INFO: [ app_begin ] --END-- [ RunTime:0.001656s ]
SQL: SHOW COLUMNS FROM `open_member` [ RunTime:0.009191s ]
SQL: SELECT `id` FROM `open_member` WHERE ( `email` = '33123@qq' ) LIMIT 1   [ RunTime:0.000365s ]

[ 2013-08-18T19:04:25+08:00 ] 127.0.0.1 /open_ppsuc/member.php/ajax/ajaxrepetaemail/email/33123@qq.com
INFO: [ app_begin ] --START--
INFO: Run ReadHtmlCache Behavior [ RunTime:0.000518s ]
INFO: Run CheckLang Behavior [ RunTime:0.000904s ]
INFO: [ app_begin ] --END-- [ RunTime:0.001576s ]
SQL: SHOW COLUMNS FROM `open_member` [ RunTime:0.006760s ]
SQL: SELECT `id` FROM `open_member` WHERE ( `email` = '33123@qq' ) LIMIT 1   [ RunTime:0.000338s ]

[ 2013-08-18T19:04:35+08:00 ] 127.0.0.1 /open_ppsuc/member.php/ajax/ajaxrepetaemail/email/33123@qq.com
INFO: [ app_begin ] --START--
INFO: Run ReadHtmlCache Behavior [ RunTime:0.000496s ]
INFO: Run CheckLang Behavior [ RunTime:0.000894s ]
INFO: [ app_begin ] --END-- [ RunTime:0.001555s ]
SQL: SHOW COLUMNS FROM `open_member` [ RunTime:0.007530s ]
SQL: SELECT `id` FROM `open_member` WHERE ( `email` = '33123@qq' ) LIMIT 1   [ RunTime:0.000417s ]

[ 2013-08-18T19:05:03+08:00 ] 127.0.0.1 /open_ppsuc/member.php/ajax/ajaxrepetaemail/email/33123@qq.com
INFO: [ app_begin ] --START--
INFO: Run ReadHtmlCache Behavior [ RunTime:0.000926s ]
INFO: Run CheckLang Behavior [ RunTime:0.001104s ]
INFO: [ app_begin ] --END-- [ RunTime:0.002291s ]
SQL: SHOW COLUMNS FROM `open_member` [ RunTime:0.006433s ]
SQL: SELECT `id` FROM `open_member` WHERE ( `email` = '33123@qq' ) LIMIT 1   [ RunTime:0.000365s ]

[ 2013-08-18T19:05:11+08:00 ] 127.0.0.1 /open_ppsuc/member.php/ajax/ajaxrepetaemail/email/123@qq.com
INFO: [ app_begin ] --START--
INFO: Run ReadHtmlCache Behavior [ RunTime:0.000461s ]
INFO: Run CheckLang Behavior [ RunTime:0.000827s ]
INFO: [ app_begin ] --END-- [ RunTime:0.001431s ]
SQL: SHOW COLUMNS FROM `open_member` [ RunTime:0.006145s ]
SQL: SELECT `id` FROM `open_member` WHERE ( `email` = '123@qq' ) LIMIT 1   [ RunTime:0.000321s ]

[ 2013-08-18T19:05:25+08:00 ] 127.0.0.1 /open_ppsuc/member.php/ajax/ajaxrepetaemail/email/123@qq.com
INFO: [ app_begin ] --START--
INFO: Run ReadHtmlCache Behavior [ RunTime:0.000546s ]
INFO: Run CheckLang Behavior [ RunTime:0.001332s ]
INFO: [ app_begin ] --END-- [ RunTime:0.002086s ]
SQL: SHOW COLUMNS FROM `open_member` [ RunTime:0.006962s ]
SQL: SELECT `id` FROM `open_member` WHERE ( `email` = '123@qq' ) LIMIT 1   [ RunTime:0.000340s ]

[ 2013-08-18T19:05:59+08:00 ] 127.0.0.1 /open_ppsuc/member.php/ajax/ajaxrepetaemail/email/123@qq.com
INFO: [ app_begin ] --START--
INFO: Run ReadHtmlCache Behavior [ RunTime:0.000811s ]
INFO: Run CheckLang Behavior [ RunTime:0.001463s ]
INFO: [ app_begin ] --END-- [ RunTime:0.002503s ]
SQL: SHOW COLUMNS FROM `open_member` [ RunTime:0.006633s ]
SQL: SELECT `id` FROM `open_member` WHERE ( `email` = '123@qq' ) LIMIT 1   [ RunTime:0.000456s ]

[ 2013-08-18T19:06:05+08:00 ] 127.0.0.1 /open_ppsuc/member.php/ajax/ajaxrepetaemail/email/123@qq.com
INFO: [ app_begin ] --START--
INFO: Run ReadHtmlCache Behavior [ RunTime:0.000653s ]
INFO: Run CheckLang Behavior [ RunTime:0.000964s ]
INFO: [ app_begin ] --END-- [ RunTime:0.001825s ]
SQL: SHOW COLUMNS FROM `open_member` [ RunTime:0.039703s ]
SQL: SELECT `id` FROM `open_member` WHERE ( `email` = '123@qq' ) LIMIT 1   [ RunTime:0.000378s ]

[ 2013-08-18T19:06:46+08:00 ] 127.0.0.1 /open_ppsuc/member.php/ajax/ajaxrepetaemail/email/123@qq.com
INFO: [ app_begin ] --START--
INFO: Run ReadHtmlCache Behavior [ RunTime:0.000567s ]
INFO: Run CheckLang Behavior [ RunTime:0.001611s ]
INFO: [ app_begin ] --END-- [ RunTime:0.002371s ]
SQL: SHOW COLUMNS FROM `open_member` [ RunTime:0.007532s ]
SQL: SELECT `id` FROM `open_member` WHERE ( `email` = '123@qq' ) LIMIT 1   [ RunTime:0.000350s ]

[ 2013-08-18T19:06:49+08:00 ] 127.0.0.1 /open_ppsuc/member.php/ajax/ajaxrepetaemail/email/123@qq.com
INFO: [ app_begin ] --START--
INFO: Run ReadHtmlCache Behavior [ RunTime:0.000575s ]
INFO: Run CheckLang Behavior [ RunTime:0.000912s ]
INFO: [ app_begin ] --END-- [ RunTime:0.001655s ]
SQL: SHOW COLUMNS FROM `open_member` [ RunTime:0.007873s ]
SQL: SELECT `id` FROM `open_member` WHERE ( `email` = '123@qq' ) LIMIT 1   [ RunTime:0.000305s ]

[ 2013-08-18T19:08:14+08:00 ] 127.0.0.1 /open_ppsuc/member.php/ajax/ajaxrepetaemail/email/123@qq3qq
INFO: [ app_begin ] --START--
INFO: Run ReadHtmlCache Behavior [ RunTime:0.000566s ]
INFO: Run CheckLang Behavior [ RunTime:0.001043s ]
INFO: [ app_begin ] --END-- [ RunTime:0.001767s ]
SQL: SHOW COLUMNS FROM `open_member` [ RunTime:0.007830s ]
SQL: SELECT `id` FROM `open_member` WHERE ( `email` = '123@qq3qq' ) LIMIT 1   [ RunTime:0.000321s ]

[ 2013-08-18T19:08:20+08:00 ] 127.0.0.1 /open_ppsuc/member.php/ajax/ajaxrepetaemail/email/123.@qq3qq
INFO: [ app_begin ] --START--
INFO: Run ReadHtmlCache Behavior [ RunTime:0.000512s ]
INFO: Run CheckLang Behavior [ RunTime:0.000898s ]
INFO: [ app_begin ] --END-- [ RunTime:0.001548s ]
SQL: SHOW COLUMNS FROM `open_member` [ RunTime:0.006801s ]
SQL: SELECT `id` FROM `open_member` WHERE ( `email` = '123' ) LIMIT 1   [ RunTime:0.000563s ]

[ 2013-08-18T19:08:27+08:00 ] 127.0.0.1 /open_ppsuc/member.php/ajax/ajaxrepetaemail/email/123.@qq3qq
INFO: [ app_begin ] --START--
INFO: Run ReadHtmlCache Behavior [ RunTime:0.000452s ]
INFO: Run CheckLang Behavior [ RunTime:0.000807s ]
INFO: [ app_begin ] --END-- [ RunTime:0.001387s ]
SQL: SHOW COLUMNS FROM `open_member` [ RunTime:0.007555s ]
SQL: SELECT `id` FROM `open_member` WHERE ( `email` = '123' ) LIMIT 1   [ RunTime:0.000343s ]

[ 2013-08-18T19:08:30+08:00 ] 127.0.0.1 /open_ppsuc/member.php/ajax/ajaxrepetaemail/email/123.@qq3qq
INFO: [ app_begin ] --START--
INFO: Run ReadHtmlCache Behavior [ RunTime:0.000480s ]
INFO: Run CheckLang Behavior [ RunTime:0.000871s ]
INFO: [ app_begin ] --END-- [ RunTime:0.001489s ]
SQL: SHOW COLUMNS FROM `open_member` [ RunTime:0.005994s ]
SQL: SELECT `id` FROM `open_member` WHERE ( `email` = '123' ) LIMIT 1   [ RunTime:0.000299s ]

[ 2013-08-18T19:09:27+08:00 ] 127.0.0.1 /open_ppsuc/member.php/ajax/ajaxrepetaemail/email/123.@qq3qq
INFO: [ app_begin ] --START--
INFO: Run ReadHtmlCache Behavior [ RunTime:0.000671s ]
INFO: Run CheckLang Behavior [ RunTime:0.000886s ]
INFO: [ app_begin ] --END-- [ RunTime:0.001765s ]

[ 2013-08-18T19:09:30+08:00 ] 127.0.0.1 /open_ppsuc/member.php/ajax/ajaxrepetaemail/email/123.@qq3qq
INFO: [ app_begin ] --START--
INFO: Run ReadHtmlCache Behavior [ RunTime:0.000647s ]
INFO: Run CheckLang Behavior [ RunTime:0.001739s ]
INFO: [ app_begin ] --END-- [ RunTime:0.002748s ]

[ 2013-08-18T19:09:36+08:00 ] 127.0.0.1 /open_ppsuc/member.php/ajax/ajaxrepetaemail/email/123%E9%98%BF%E6%BD%87%E6%B4%92%E6%80%9D%E6%83%B3
INFO: [ app_begin ] --START--
INFO: Run ReadHtmlCache Behavior [ RunTime:0.000493s ]
INFO: Run CheckLang Behavior [ RunTime:0.000780s ]
INFO: [ app_begin ] --END-- [ RunTime:0.001419s ]

[ 2013-08-18T19:09:49+08:00 ] 127.0.0.1 /open_ppsuc/member.php/ajax/ajaxrepetaemail/email/123%E9%98%BF%E6%BD%87%E6%B4%92%E6%80%9D%E6%83%B3
INFO: [ app_begin ] --START--
INFO: Run ReadHtmlCache Behavior [ RunTime:0.000613s ]
INFO: Run CheckLang Behavior [ RunTime:0.000971s ]
INFO: [ app_begin ] --END-- [ RunTime:0.001750s ]

[ 2013-08-18T19:10:05+08:00 ] 127.0.0.1 /open_ppsuc/member.php/ajax/ajaxrepetaemail/email/123%E9%98%BF%E6%BD%87%E6%B4%92%E6%80%9D%E6%83%B3
INFO: [ app_begin ] --START--
INFO: Run ReadHtmlCache Behavior [ RunTime:0.000632s ]
INFO: Run CheckLang Behavior [ RunTime:0.001012s ]
INFO: [ app_begin ] --END-- [ RunTime:0.001824s ]

[ 2013-08-18T19:13:09+08:00 ] 127.0.0.1 /open_ppsuc/member.php/ajax/ajaxrepetaemail/email/123%E9%98%BF%E6%BD%87%E6%B4%92%E6%80%9D%E6%83%B3
INFO: [ app_begin ] --START--
INFO: Run ReadHtmlCache Behavior [ RunTime:0.000496s ]
INFO: Run CheckLang Behavior [ RunTime:0.000746s ]
INFO: [ app_begin ] --END-- [ RunTime:0.001376s ]

[ 2013-08-18T19:13:14+08:00 ] 127.0.0.1 /open_ppsuc/member.php/ajax/ajaxrepetaemail/email/123@qq.com
INFO: [ app_begin ] --START--
INFO: Run ReadHtmlCache Behavior [ RunTime:0.000469s ]
INFO: Run CheckLang Behavior [ RunTime:0.000931s ]
INFO: [ app_begin ] --END-- [ RunTime:0.001545s ]

[ 2013-08-18T19:13:24+08:00 ] 127.0.0.1 /open_ppsuc/member.php/ajax/ajaxrepetaemail?email=123@qq.com
INFO: [ app_begin ] --START--
INFO: Run ReadHtmlCache Behavior [ RunTime:0.000641s ]
INFO: Run CheckLang Behavior [ RunTime:0.001099s ]
INFO: [ app_begin ] --END-- [ RunTime:0.001911s ]

[ 2013-08-18T19:13:36+08:00 ] 127.0.0.1 /open_ppsuc/member.php/ajax/ajaxrepetaemail?email=123@qq.com
INFO: [ app_begin ] --START--
INFO: Run ReadHtmlCache Behavior [ RunTime:0.000557s ]
INFO: Run CheckLang Behavior [ RunTime:0.000884s ]
INFO: [ app_begin ] --END-- [ RunTime:0.001611s ]
SQL: SHOW COLUMNS FROM `open_member` [ RunTime:0.006115s ]
SQL: SELECT `id` FROM `open_member` WHERE ( `email` = '123@qq.com' ) LIMIT 1   [ RunTime:0.000366s ]

[ 2013-08-18T19:14:11+08:00 ] 127.0.0.1 /open_ppsuc/member.php/ajax/ajaxrepetaemail?email=123@qq.com
INFO: [ app_begin ] --START--
INFO: Run ReadHtmlCache Behavior [ RunTime:0.000743s ]
INFO: Run CheckLang Behavior [ RunTime:0.000960s ]
INFO: [ app_begin ] --END-- [ RunTime:0.001951s ]
SQL: SHOW COLUMNS FROM `open_member` [ RunTime:0.007175s ]
SQL: SELECT `id` FROM `open_member` WHERE ( `email` = '123@qq.com' ) LIMIT 1   [ RunTime:0.000357s ]

[ 2013-08-18T19:14:21+08:00 ] 127.0.0.1 /open_ppsuc/member.php/ajax/ajaxrepetaemail?email=123@qq.com
INFO: [ app_begin ] --START--
INFO: Run ReadHtmlCache Behavior [ RunTime:0.000540s ]
INFO: Run CheckLang Behavior [ RunTime:0.000742s ]
INFO: [ app_begin ] --END-- [ RunTime:0.001409s ]
SQL: SHOW COLUMNS FROM `open_member` [ RunTime:0.007795s ]
SQL: SELECT `id` FROM `open_member` WHERE ( `email` = '123@qq.com' ) LIMIT 1   [ RunTime:0.000818s ]

[ 2013-08-18T19:14:23+08:00 ] 127.0.0.1 /open_ppsuc/member.php/ajax/ajaxrepetaemail?email=123@qq.com2
INFO: [ app_begin ] --START--
INFO: Run ReadHtmlCache Behavior [ RunTime:0.001044s ]
INFO: Run CheckLang Behavior [ RunTime:0.001091s ]
INFO: [ app_begin ] --END-- [ RunTime:0.003043s ]
SQL: SHOW COLUMNS FROM `open_member` [ RunTime:0.006476s ]
SQL: SELECT `id` FROM `open_member` WHERE ( `email` = '123@qq.com2' ) LIMIT 1   [ RunTime:0.000366s ]

[ 2013-08-18T19:14:47+08:00 ] 127.0.0.1 /open_ppsuc/member.php/ajax/ajaxrepetaemail?email=123@qq.com2
INFO: [ app_begin ] --START--
INFO: Run ReadHtmlCache Behavior [ RunTime:0.000554s ]
INFO: Run CheckLang Behavior [ RunTime:0.000836s ]
INFO: [ app_begin ] --END-- [ RunTime:0.001552s ]
SQL: SHOW COLUMNS FROM `open_member` [ RunTime:0.006145s ]
SQL: SELECT `id` FROM `open_member` WHERE ( `email` = '123@qq.com2' ) LIMIT 1   [ RunTime:0.000342s ]

[ 2013-08-18T19:14:48+08:00 ] 127.0.0.1 /open_ppsuc/member.php/ajax/ajaxrepetaemail?email=123@qq.com
INFO: [ app_begin ] --START--
INFO: Run ReadHtmlCache Behavior [ RunTime:0.001566s ]
INFO: Run CheckLang Behavior [ RunTime:0.001387s ]
INFO: [ app_begin ] --END-- [ RunTime:0.003189s ]
SQL: SHOW COLUMNS FROM `open_member` [ RunTime:0.006002s ]
SQL: SELECT `id` FROM `open_member` WHERE ( `email` = '123@qq.com' ) LIMIT 1   [ RunTime:0.000358s ]

[ 2013-08-18T19:14:53+08:00 ] 127.0.0.1 /open_ppsuc/member.php/ajax/ajaxrepetaemail?email=1243@qq.com
INFO: [ app_begin ] --START--
INFO: Run ReadHtmlCache Behavior [ RunTime:0.000493s ]
INFO: Run CheckLang Behavior [ RunTime:0.000859s ]
INFO: [ app_begin ] --END-- [ RunTime:0.001488s ]
SQL: SHOW COLUMNS FROM `open_member` [ RunTime:0.006641s ]
SQL: SELECT `id` FROM `open_member` WHERE ( `email` = '1243@qq.com' ) LIMIT 1   [ RunTime:0.000388s ]

[ 2013-08-18T19:15:10+08:00 ] 127.0.0.1 /open_ppsuc/member.php/ajax/ajaxrepetaemail?email=123@qq.com
INFO: [ app_begin ] --START--
INFO: Run ReadHtmlCache Behavior [ RunTime:0.000656s ]
INFO: Run CheckLang Behavior [ RunTime:0.000803s ]
INFO: [ app_begin ] --END-- [ RunTime:0.001625s ]
SQL: SHOW COLUMNS FROM `open_member` [ RunTime:0.006090s ]
SQL: SELECT `id` FROM `open_member` WHERE ( `email` = '123@qq.com' ) LIMIT 1   [ RunTime:0.000356s ]

[ 2013-08-18T19:17:09+08:00 ] 127.0.0.1 /open_ppsuc/member.php/ajax/ajaxrepetaemail?email=123@qq.com
INFO: [ app_begin ] --START--
INFO: Run ReadHtmlCache Behavior [ RunTime:0.000608s ]
INFO: Run CheckLang Behavior [ RunTime:0.001358s ]
INFO: [ app_begin ] --END-- [ RunTime:0.002220s ]
SQL: SHOW COLUMNS FROM `open_member` [ RunTime:0.005830s ]
SQL: SELECT `id` FROM `open_member` WHERE ( `email` = '123@qq.com' ) LIMIT 1   [ RunTime:0.000366s ]

[ 2013-08-18T19:17:09+08:00 ] 127.0.0.1 /open_ppsuc/member.php/ajax/ajaxrepetaemail?email=123@qq.com
INFO: [ app_begin ] --START--
INFO: Run ReadHtmlCache Behavior [ RunTime:0.000552s ]
INFO: Run CheckLang Behavior [ RunTime:0.000804s ]
INFO: [ app_begin ] --END-- [ RunTime:0.001505s ]
SQL: SHOW COLUMNS FROM `open_member` [ RunTime:0.004584s ]
SQL: SELECT `id` FROM `open_member` WHERE ( `email` = '123@qq.com' ) LIMIT 1   [ RunTime:0.000297s ]

[ 2013-08-18T19:17:10+08:00 ] 127.0.0.1 /open_ppsuc/member.php/ajax/ajaxrepetaemail?email=123@qq.com
INFO: [ app_begin ] --START--
INFO: Run ReadHtmlCache Behavior [ RunTime:0.000509s ]
INFO: Run CheckLang Behavior [ RunTime:0.000826s ]
INFO: [ app_begin ] --END-- [ RunTime:0.001485s ]
SQL: SHOW COLUMNS FROM `open_member` [ RunTime:0.005890s ]
SQL: SELECT `id` FROM `open_member` WHERE ( `email` = '123@qq.com' ) LIMIT 1   [ RunTime:0.000337s ]

[ 2013-08-18T19:17:17+08:00 ] 127.0.0.1 /open_ppsuc/member.php/ajax/ajaxrepetaemail?email=1234@qq.com
INFO: [ app_begin ] --START--
INFO: Run ReadHtmlCache Behavior [ RunTime:0.000525s ]
INFO: Run CheckLang Behavior [ RunTime:0.000820s ]
INFO: [ app_begin ] --END-- [ RunTime:0.001500s ]
SQL: SHOW COLUMNS FROM `open_member` [ RunTime:0.006257s ]
SQL: SELECT `id` FROM `open_member` WHERE ( `email` = '1234@qq.com' ) LIMIT 1   [ RunTime:0.000393s ]

[ 2013-08-18T19:17:17+08:00 ] 127.0.0.1 /open_ppsuc/member.php/ajax/ajaxrepetaemail?email=1234@qq.com
INFO: [ app_begin ] --START--
INFO: Run ReadHtmlCache Behavior [ RunTime:0.000519s ]
INFO: Run CheckLang Behavior [ RunTime:0.000932s ]
INFO: [ app_begin ] --END-- [ RunTime:0.001613s ]
SQL: SHOW COLUMNS FROM `open_member` [ RunTime:0.005214s ]
SQL: SELECT `id` FROM `open_member` WHERE ( `email` = '1234@qq.com' ) LIMIT 1   [ RunTime:0.000311s ]

[ 2013-08-18T19:17:17+08:00 ] 127.0.0.1 /open_ppsuc/member.php/ajax/ajaxrepetaemail?email=1234@qq.com
INFO: [ app_begin ] --START--
INFO: Run ReadHtmlCache Behavior [ RunTime:0.000491s ]
INFO: Run CheckLang Behavior [ RunTime:0.000791s ]
INFO: [ app_begin ] --END-- [ RunTime:0.001423s ]
SQL: SHOW COLUMNS FROM `open_member` [ RunTime:0.004876s ]
SQL: SELECT `id` FROM `open_member` WHERE ( `email` = '1234@qq.com' ) LIMIT 1   [ RunTime:0.000402s ]

[ 2013-08-18T19:17:19+08:00 ] 127.0.0.1 /open_ppsuc/member.php/ajax/ajaxrepetaemail?email=1234@qq.com
INFO: [ app_begin ] --START--
INFO: Run ReadHtmlCache Behavior [ RunTime:0.000557s ]
INFO: Run CheckLang Behavior [ RunTime:0.000812s ]
INFO: [ app_begin ] --END-- [ RunTime:0.001527s ]
SQL: SHOW COLUMNS FROM `open_member` [ RunTime:0.008069s ]
SQL: SELECT `id` FROM `open_member` WHERE ( `email` = '1234@qq.com' ) LIMIT 1   [ RunTime:0.000325s ]

[ 2013-08-18T19:17:21+08:00 ] 127.0.0.1 /open_ppsuc/member.php/ajax/ajaxrepetaemail?email=1234@qq.com
INFO: [ app_begin ] --START--
INFO: Run ReadHtmlCache Behavior [ RunTime:0.000431s ]
INFO: Run CheckLang Behavior [ RunTime:0.000762s ]
INFO: [ app_begin ] --END-- [ RunTime:0.001321s ]
SQL: SHOW COLUMNS FROM `open_member` [ RunTime:0.006768s ]
SQL: SELECT `id` FROM `open_member` WHERE ( `email` = '1234@qq.com' ) LIMIT 1   [ RunTime:0.000493s ]

[ 2013-08-18T19:17:22+08:00 ] 127.0.0.1 /open_ppsuc/member.php/ajax/ajaxrepetaemail?email=1234@qq.com
INFO: [ app_begin ] --START--
INFO: Run ReadHtmlCache Behavior [ RunTime:0.000871s ]
INFO: Run CheckLang Behavior [ RunTime:0.001245s ]
INFO: [ app_begin ] --END-- [ RunTime:0.002367s ]
SQL: SHOW COLUMNS FROM `open_member` [ RunTime:0.005721s ]
SQL: SELECT `id` FROM `open_member` WHERE ( `email` = '1234@qq.com' ) LIMIT 1   [ RunTime:0.000331s ]

[ 2013-08-18T19:17:24+08:00 ] 127.0.0.1 /open_ppsuc/member.php/ajax/ajaxrepetaemail?email=1234@qq.com
INFO: [ app_begin ] --START--
INFO: Run ReadHtmlCache Behavior [ RunTime:0.000652s ]
INFO: Run CheckLang Behavior [ RunTime:0.000772s ]
INFO: [ app_begin ] --END-- [ RunTime:0.001580s ]
SQL: SHOW COLUMNS FROM `open_member` [ RunTime:0.006116s ]
SQL: SELECT `id` FROM `open_member` WHERE ( `email` = '1234@qq.com' ) LIMIT 1   [ RunTime:0.000306s ]

[ 2013-08-18T19:17:51+08:00 ] 127.0.0.1 /open_ppsuc/member.php/ajax/ajaxrepetaemail?email=123@qq.com
INFO: [ app_begin ] --START--
INFO: Run ReadHtmlCache Behavior [ RunTime:0.000486s ]
INFO: Run CheckLang Behavior [ RunTime:0.000867s ]
INFO: [ app_begin ] --END-- [ RunTime:0.001510s ]
SQL: SHOW COLUMNS FROM `open_member` [ RunTime:0.007439s ]
SQL: SELECT `id` FROM `open_member` WHERE ( `email` = '123@qq.com' ) LIMIT 1   [ RunTime:0.000316s ]

[ 2013-08-18T19:17:58+08:00 ] 127.0.0.1 /open_ppsuc/member.php/ajax/ajaxrepetaemail?email=123@qq.com
INFO: [ app_begin ] --START--
INFO: Run ReadHtmlCache Behavior [ RunTime:0.000533s ]
INFO: Run CheckLang Behavior [ RunTime:0.000856s ]
INFO: [ app_begin ] --END-- [ RunTime:0.001579s ]
SQL: SHOW COLUMNS FROM `open_member` [ RunTime:0.006622s ]
SQL: SELECT `id` FROM `open_member` WHERE ( `email` = '123@qq.com' ) LIMIT 1   [ RunTime:0.000342s ]

[ 2013-08-18T19:17:58+08:00 ] 127.0.0.1 /open_ppsuc/member.php/ajax/ajaxrepetaemail?email=123@qq.com
INFO: [ app_begin ] --START--
INFO: Run ReadHtmlCache Behavior [ RunTime:0.000620s ]
INFO: Run CheckLang Behavior [ RunTime:0.000877s ]
INFO: [ app_begin ] --END-- [ RunTime:0.001659s ]
SQL: SHOW COLUMNS FROM `open_member` [ RunTime:0.004988s ]
SQL: SELECT `id` FROM `open_member` WHERE ( `email` = '123@qq.com' ) LIMIT 1   [ RunTime:0.000308s ]

[ 2013-08-18T19:18:02+08:00 ] 127.0.0.1 /open_ppsuc/member.php/ajax/ajaxrepetaemail?email=12345@qq.com
INFO: [ app_begin ] --START--
INFO: Run ReadHtmlCache Behavior [ RunTime:0.000539s ]
INFO: Run CheckLang Behavior [ RunTime:0.000878s ]
INFO: [ app_begin ] --END-- [ RunTime:0.001577s ]
SQL: SHOW COLUMNS FROM `open_member` [ RunTime:0.006255s ]
SQL: SELECT `id` FROM `open_member` WHERE ( `email` = '12345@qq.com' ) LIMIT 1   [ RunTime:0.000378s ]

[ 2013-08-18T19:18:03+08:00 ] 127.0.0.1 /open_ppsuc/member.php/ajax/ajaxrepetaemail?email=12345@qq.com
INFO: [ app_begin ] --START--
INFO: Run ReadHtmlCache Behavior [ RunTime:0.000516s ]
INFO: Run CheckLang Behavior [ RunTime:0.000793s ]
INFO: [ app_begin ] --END-- [ RunTime:0.001495s ]
SQL: SHOW COLUMNS FROM `open_member` [ RunTime:0.006036s ]
SQL: SELECT `id` FROM `open_member` WHERE ( `email` = '12345@qq.com' ) LIMIT 1   [ RunTime:0.000293s ]

[ 2013-08-18T19:18:03+08:00 ] 127.0.0.1 /open_ppsuc/member.php/ajax/ajaxrepetaemail?email=12345@qq.com
INFO: [ app_begin ] --START--
INFO: Run ReadHtmlCache Behavior [ RunTime:0.000440s ]
INFO: Run CheckLang Behavior [ RunTime:0.000773s ]
INFO: [ app_begin ] --END-- [ RunTime:0.001349s ]
SQL: SHOW COLUMNS FROM `open_member` [ RunTime:0.004849s ]
SQL: SELECT `id` FROM `open_member` WHERE ( `email` = '12345@qq.com' ) LIMIT 1   [ RunTime:0.000346s ]

[ 2013-08-18T19:18:04+08:00 ] 127.0.0.1 /open_ppsuc/member.php/ajax/ajaxrepetaemail?email=12345@qq.com
INFO: [ app_begin ] --START--
INFO: Run ReadHtmlCache Behavior [ RunTime:0.000480s ]
INFO: Run CheckLang Behavior [ RunTime:0.000748s ]
INFO: [ app_begin ] --END-- [ RunTime:0.001359s ]
SQL: SHOW COLUMNS FROM `open_member` [ RunTime:0.006091s ]
SQL: SELECT `id` FROM `open_member` WHERE ( `email` = '12345@qq.com' ) LIMIT 1   [ RunTime:0.000270s ]

[ 2013-08-18T19:19:27+08:00 ] 127.0.0.1 /open_ppsuc/member.php/ajax/ajaxrepetaemail?email=12345@qq.com
INFO: [ app_begin ] --START--
INFO: Run ReadHtmlCache Behavior [ RunTime:0.000612s ]
INFO: Run CheckLang Behavior [ RunTime:0.000866s ]
INFO: [ app_begin ] --END-- [ RunTime:0.001662s ]
SQL: SHOW COLUMNS FROM `open_member` [ RunTime:0.007521s ]
SQL: SELECT `id` FROM `open_member` WHERE ( `email` = '12345@qq.com' ) LIMIT 1   [ RunTime:0.000618s ]

[ 2013-08-18T19:19:30+08:00 ] 127.0.0.1 /open_ppsuc/member.php/ajax/ajaxrepetaemail?email=123@qq.com
INFO: [ app_begin ] --START--
INFO: Run ReadHtmlCache Behavior [ RunTime:0.000458s ]
INFO: Run CheckLang Behavior [ RunTime:0.000741s ]
INFO: [ app_begin ] --END-- [ RunTime:0.001331s ]
SQL: SHOW COLUMNS FROM `open_member` [ RunTime:0.007271s ]
SQL: SELECT `id` FROM `open_member` WHERE ( `email` = '123@qq.com' ) LIMIT 1   [ RunTime:0.000341s ]

[ 2013-08-18T19:22:23+08:00 ] 127.0.0.1 /open_ppsuc/member.php/ajax/ajaxrepetaemail?email=2
INFO: [ app_begin ] --START--
INFO: Run ReadHtmlCache Behavior [ RunTime:0.000562s ]
INFO: Run CheckLang Behavior [ RunTime:0.001391s ]
INFO: [ app_begin ] --END-- [ RunTime:0.002127s ]
SQL: SHOW COLUMNS FROM `open_member` [ RunTime:0.006761s ]
SQL: SELECT `id` FROM `open_member` WHERE ( `email` = '2' ) LIMIT 1   [ RunTime:0.000352s ]

[ 2013-08-18T19:22:24+08:00 ] 127.0.0.1 /open_ppsuc/member.php/ajax/ajaxrepetaemail?email=2
INFO: [ app_begin ] --START--
INFO: Run ReadHtmlCache Behavior [ RunTime:0.000469s ]
INFO: Run CheckLang Behavior [ RunTime:0.000809s ]
INFO: [ app_begin ] --END-- [ RunTime:0.001419s ]
SQL: SHOW COLUMNS FROM `open_member` [ RunTime:0.006003s ]
SQL: SELECT `id` FROM `open_member` WHERE ( `email` = '2' ) LIMIT 1   [ RunTime:0.000301s ]

[ 2013-08-18T19:22:25+08:00 ] 127.0.0.1 /open_ppsuc/member.php/ajax/ajaxrepetaemail?email=2
INFO: [ app_begin ] --START--
INFO: Run ReadHtmlCache Behavior [ RunTime:0.000471s ]
INFO: Run CheckLang Behavior [ RunTime:0.000746s ]
INFO: [ app_begin ] --END-- [ RunTime:0.001345s ]
SQL: SHOW COLUMNS FROM `open_member` [ RunTime:0.007337s ]
SQL: SELECT `id` FROM `open_member` WHERE ( `email` = '2' ) LIMIT 1   [ RunTime:0.000342s ]

[ 2013-08-18T19:22:25+08:00 ] 127.0.0.1 /open_ppsuc/member.php/ajax/ajaxrepetaemail?email=2
INFO: [ app_begin ] --START--
INFO: Run ReadHtmlCache Behavior [ RunTime:0.000499s ]
INFO: Run CheckLang Behavior [ RunTime:0.000768s ]
INFO: [ app_begin ] --END-- [ RunTime:0.001423s ]
SQL: SHOW COLUMNS FROM `open_member` [ RunTime:0.004444s ]
SQL: SELECT `id` FROM `open_member` WHERE ( `email` = '2' ) LIMIT 1   [ RunTime:0.000314s ]

[ 2013-08-18T19:22:26+08:00 ] 127.0.0.1 /open_ppsuc/member.php/ajax/ajaxrepetaemail?email=2
INFO: [ app_begin ] --START--
INFO: Run ReadHtmlCache Behavior [ RunTime:0.000466s ]
INFO: Run CheckLang Behavior [ RunTime:0.000755s ]
INFO: [ app_begin ] --END-- [ RunTime:0.001350s ]
SQL: SHOW COLUMNS FROM `open_member` [ RunTime:0.005860s ]
SQL: SELECT `id` FROM `open_member` WHERE ( `email` = '2' ) LIMIT 1   [ RunTime:0.000301s ]

[ 2013-08-18T19:22:30+08:00 ] 127.0.0.1 /open_ppsuc/member.php/ajax/ajaxrepetaemail?email=2
INFO: [ app_begin ] --START--
INFO: Run ReadHtmlCache Behavior [ RunTime:0.000618s ]
INFO: Run CheckLang Behavior [ RunTime:0.000872s ]
INFO: [ app_begin ] --END-- [ RunTime:0.001659s ]
SQL: SHOW COLUMNS FROM `open_member` [ RunTime:0.006475s ]
SQL: SELECT `id` FROM `open_member` WHERE ( `email` = '2' ) LIMIT 1   [ RunTime:0.000379s ]

[ 2013-08-18T19:22:32+08:00 ] 127.0.0.1 /open_ppsuc/member.php/ajax/ajaxrepetaemail?email=2
INFO: [ app_begin ] --START--
INFO: Run ReadHtmlCache Behavior [ RunTime:0.000509s ]
INFO: Run CheckLang Behavior [ RunTime:0.000830s ]
INFO: [ app_begin ] --END-- [ RunTime:0.001496s ]
SQL: SHOW COLUMNS FROM `open_member` [ RunTime:0.007203s ]
SQL: SELECT `id` FROM `open_member` WHERE ( `email` = '2' ) LIMIT 1   [ RunTime:0.000319s ]

[ 2013-08-18T19:22:34+08:00 ] 127.0.0.1 /open_ppsuc/member.php/ajax/ajaxrepetaemail?email=
INFO: [ app_begin ] --START--
INFO: Run ReadHtmlCache Behavior [ RunTime:0.000602s ]
INFO: Run CheckLang Behavior [ RunTime:0.000896s ]
INFO: [ app_begin ] --END-- [ RunTime:0.001679s ]
SQL: SHOW COLUMNS FROM `open_member` [ RunTime:0.005977s ]
SQL: SELECT `id` FROM `open_member` WHERE ( `email` = '' ) LIMIT 1   [ RunTime:0.000313s ]

[ 2013-08-18T19:22:39+08:00 ] 127.0.0.1 /open_ppsuc/member.php/ajax/ajaxrepetaemail?email=
INFO: [ app_begin ] --START--
INFO: Run ReadHtmlCache Behavior [ RunTime:0.000613s ]
INFO: Run CheckLang Behavior [ RunTime:0.001005s ]
INFO: [ app_begin ] --END-- [ RunTime:0.001822s ]
SQL: SHOW COLUMNS FROM `open_member` [ RunTime:0.006890s ]
SQL: SELECT `id` FROM `open_member` WHERE ( `email` = '' ) LIMIT 1   [ RunTime:0.000384s ]

[ 2013-08-18T19:22:39+08:00 ] 127.0.0.1 /open_ppsuc/member.php/ajax/ajaxrepetaemail?email=
INFO: [ app_begin ] --START--
INFO: Run ReadHtmlCache Behavior [ RunTime:0.000584s ]
INFO: Run CheckLang Behavior [ RunTime:0.000813s ]
INFO: [ app_begin ] --END-- [ RunTime:0.001545s ]
SQL: SHOW COLUMNS FROM `open_member` [ RunTime:0.006284s ]
SQL: SELECT `id` FROM `open_member` WHERE ( `email` = '' ) LIMIT 1   [ RunTime:0.000380s ]

[ 2013-08-18T19:22:42+08:00 ] 127.0.0.1 /open_ppsuc/member.php/ajax/ajaxrepetaemail?email=
INFO: [ app_begin ] --START--
INFO: Run ReadHtmlCache Behavior [ RunTime:0.000677s ]
INFO: Run CheckLang Behavior [ RunTime:0.000855s ]
INFO: [ app_begin ] --END-- [ RunTime:0.001720s ]
SQL: SHOW COLUMNS FROM `open_member` [ RunTime:0.006672s ]
SQL: SELECT `id` FROM `open_member` WHERE ( `email` = '' ) LIMIT 1   [ RunTime:0.000306s ]

[ 2013-08-18T19:23:38+08:00 ] 127.0.0.1 /open_ppsuc/member.php/ajax/ajaxrepetaemail?email=
INFO: [ app_begin ] --START--
INFO: Run ReadHtmlCache Behavior [ RunTime:0.000600s ]
INFO: Run CheckLang Behavior [ RunTime:0.000882s ]
INFO: [ app_begin ] --END-- [ RunTime:0.001651s ]
SQL: SHOW COLUMNS FROM `open_member` [ RunTime:0.006453s ]
SQL: SELECT `id` FROM `open_member` WHERE ( `email` = '' ) LIMIT 1   [ RunTime:0.000395s ]

[ 2013-08-18T19:23:39+08:00 ] 127.0.0.1 /open_ppsuc/member.php/ajax/ajaxrepetaemail?email=
INFO: [ app_begin ] --START--
INFO: Run ReadHtmlCache Behavior [ RunTime:0.000653s ]
INFO: Run CheckLang Behavior [ RunTime:0.001020s ]
INFO: [ app_begin ] --END-- [ RunTime:0.001841s ]
SQL: SHOW COLUMNS FROM `open_member` [ RunTime:0.007137s ]
SQL: SELECT `id` FROM `open_member` WHERE ( `email` = '' ) LIMIT 1   [ RunTime:0.000926s ]

[ 2013-08-18T19:24:38+08:00 ] 127.0.0.1 /open_ppsuc/member.php/ajax/ajaxrepetaemail?email=
INFO: [ app_begin ] --START--
INFO: Run ReadHtmlCache Behavior [ RunTime:0.000615s ]
INFO: Run CheckLang Behavior [ RunTime:0.001266s ]
INFO: [ app_begin ] --END-- [ RunTime:0.002118s ]
SQL: SHOW COLUMNS FROM `open_member` [ RunTime:0.006889s ]
SQL: SELECT `id` FROM `open_member` WHERE ( `email` = '' ) LIMIT 1   [ RunTime:0.000334s ]

[ 2013-08-18T19:24:40+08:00 ] 127.0.0.1 /open_ppsuc/member.php/ajax/ajaxrepetaemail?email=2
INFO: [ app_begin ] --START--
INFO: Run ReadHtmlCache Behavior [ RunTime:0.000602s ]
INFO: Run CheckLang Behavior [ RunTime:0.000890s ]
INFO: [ app_begin ] --END-- [ RunTime:0.001670s ]
SQL: SHOW COLUMNS FROM `open_member` [ RunTime:0.006833s ]
SQL: SELECT `id` FROM `open_member` WHERE ( `email` = '2' ) LIMIT 1   [ RunTime:0.000307s ]

[ 2013-08-18T19:24:41+08:00 ] 127.0.0.1 /open_ppsuc/member.php/ajax/ajaxrepetaemail?email=2
INFO: [ app_begin ] --START--
INFO: Run ReadHtmlCache Behavior [ RunTime:0.000567s ]
INFO: Run CheckLang Behavior [ RunTime:0.000806s ]
INFO: [ app_begin ] --END-- [ RunTime:0.001518s ]
SQL: SHOW COLUMNS FROM `open_member` [ RunTime:0.007762s ]
SQL: SELECT `id` FROM `open_member` WHERE ( `email` = '2' ) LIMIT 1   [ RunTime:0.000334s ]

[ 2013-08-18T19:24:44+08:00 ] 127.0.0.1 /open_ppsuc/member.php/ajax/ajaxrepetaemail?email=1029858078@qq.com
INFO: [ app_begin ] --START--
INFO: Run ReadHtmlCache Behavior [ RunTime:0.000571s ]
INFO: Run CheckLang Behavior [ RunTime:0.000867s ]
INFO: [ app_begin ] --END-- [ RunTime:0.001644s ]
SQL: SHOW COLUMNS FROM `open_member` [ RunTime:0.008655s ]
SQL: SELECT `id` FROM `open_member` WHERE ( `email` = '1029858078@qq.com' ) LIMIT 1   [ RunTime:0.000333s ]

[ 2013-08-18T19:25:21+08:00 ] 127.0.0.1 /open_ppsuc/member.php/ajax/ajaxrepetaemail?email=1029858078@qq.com
INFO: [ app_begin ] --START--
INFO: Run ReadHtmlCache Behavior [ RunTime:0.000502s ]
INFO: Run CheckLang Behavior [ RunTime:0.000837s ]
INFO: [ app_begin ] --END-- [ RunTime:0.001492s ]
SQL: SHOW COLUMNS FROM `open_member` [ RunTime:0.005893s ]
SQL: SELECT `id` FROM `open_member` WHERE ( `email` = '1029858078@qq.com' ) LIMIT 1   [ RunTime:0.000350s ]

[ 2013-08-18T19:25:27+08:00 ] 127.0.0.1 /open_ppsuc/member.php/ajax/ajaxrepetaemail?email=11029858078@qq.com
INFO: [ app_begin ] --START--
INFO: Run ReadHtmlCache Behavior [ RunTime:0.000511s ]
INFO: Run CheckLang Behavior [ RunTime:0.000811s ]
INFO: [ app_begin ] --END-- [ RunTime:0.001474s ]
SQL: SHOW COLUMNS FROM `open_member` [ RunTime:0.007567s ]
SQL: SELECT `id` FROM `open_member` WHERE ( `email` = '11029858078@qq.com' ) LIMIT 1   [ RunTime:0.000335s ]

[ 2013-08-18T19:26:18+08:00 ] 127.0.0.1 /open_ppsuc/member.php/ajax/ajaxrepetaemail?email=11029858078@qq.com
INFO: [ app_begin ] --START--
INFO: Run ReadHtmlCache Behavior [ RunTime:0.000480s ]
INFO: Run CheckLang Behavior [ RunTime:0.000860s ]
INFO: [ app_begin ] --END-- [ RunTime:0.001503s ]
SQL: SHOW COLUMNS FROM `open_member` [ RunTime:0.007630s ]
SQL: SELECT `id` FROM `open_member` WHERE ( `email` = '11029858078@qq.com' ) LIMIT 1   [ RunTime:0.000328s ]

[ 2013-08-18T19:26:22+08:00 ] 127.0.0.1 /open_ppsuc/member.php/ajax/ajaxrepetaemail?email=11029858078@qq.com
INFO: [ app_begin ] --START--
INFO: Run ReadHtmlCache Behavior [ RunTime:0.000482s ]
INFO: Run CheckLang Behavior [ RunTime:0.000763s ]
INFO: [ app_begin ] --END-- [ RunTime:0.001378s ]
SQL: SHOW COLUMNS FROM `open_member` [ RunTime:0.008130s ]
SQL: SELECT `id` FROM `open_member` WHERE ( `email` = '11029858078@qq.com' ) LIMIT 1   [ RunTime:0.000397s ]

[ 2013-08-18T19:53:10+08:00 ] 127.0.0.1 /open_ppsuc/member.php/ajax/ajaxrepetaemail?email=1029858078@qq.com
INFO: [ app_begin ] --START--
INFO: Run ReadHtmlCache Behavior [ RunTime:0.000492s ]
INFO: Run CheckLang Behavior [ RunTime:0.000747s ]
INFO: [ app_begin ] --END-- [ RunTime:0.001371s ]
SQL: SHOW COLUMNS FROM `open_member` [ RunTime:0.007706s ]
SQL: SELECT `id` FROM `open_member` WHERE ( `email` = '1029858078@qq.com' ) LIMIT 1   [ RunTime:0.000343s ]

[ 2013-08-18T19:53:16+08:00 ] 127.0.0.1 /open_ppsuc/member.php/ajax/ajaxrepetaemail?email=1029858078@qq.com
INFO: [ app_begin ] --START--
INFO: Run ReadHtmlCache Behavior [ RunTime:0.000536s ]
INFO: Run CheckLang Behavior [ RunTime:0.000895s ]
INFO: [ app_begin ] --END-- [ RunTime:0.001598s ]
SQL: SHOW COLUMNS FROM `open_member` [ RunTime:0.006931s ]
SQL: SELECT `id` FROM `open_member` WHERE ( `email` = '1029858078@qq.com' ) LIMIT 1   [ RunTime:0.000349s ]

[ 2013-08-18T19:53:19+08:00 ] 127.0.0.1 /open_ppsuc/member.php/ajax/ajaxrepetaemail?email=14029858078@qq.com
INFO: [ app_begin ] --START--
INFO: Run ReadHtmlCache Behavior [ RunTime:0.000548s ]
INFO: Run CheckLang Behavior [ RunTime:0.000871s ]
INFO: [ app_begin ] --END-- [ RunTime:0.001572s ]
SQL: SHOW COLUMNS FROM `open_member` [ RunTime:0.007810s ]
SQL: SELECT `id` FROM `open_member` WHERE ( `email` = '14029858078@qq.com' ) LIMIT 1   [ RunTime:0.000377s ]

[ 2013-08-18T19:54:32+08:00 ] 127.0.0.1 /open_ppsuc/member.php/ajax/ajaxrepetaemail?email=
INFO: [ app_begin ] --START--
INFO: Run ReadHtmlCache Behavior [ RunTime:0.000447s ]
INFO: Run CheckLang Behavior [ RunTime:0.000765s ]
INFO: [ app_begin ] --END-- [ RunTime:0.001341s ]
SQL: SHOW COLUMNS FROM `open_member` [ RunTime:0.005858s ]
SQL: SELECT `id` FROM `open_member` WHERE ( `email` = '' ) LIMIT 1   [ RunTime:0.000341s ]

[ 2013-08-18T19:55:01+08:00 ] 127.0.0.1 /open_ppsuc/member.php/ajax/ajaxrepetaemail?email=1029858078@qq.com
INFO: [ app_begin ] --START--
INFO: Run ReadHtmlCache Behavior [ RunTime:0.000517s ]
INFO: Run CheckLang Behavior [ RunTime:0.000860s ]
INFO: [ app_begin ] --END-- [ RunTime:0.001537s ]
SQL: SHOW COLUMNS FROM `open_member` [ RunTime:0.036042s ]
SQL: SELECT `id` FROM `open_member` WHERE ( `email` = '1029858078@qq.com' ) LIMIT 1   [ RunTime:0.000299s ]

[ 2013-08-18T19:55:12+08:00 ] 127.0.0.1 /open_ppsuc/member.php/ajax/ajaxrepetaemail?email=1029858078@qq.com
INFO: [ app_begin ] --START--
INFO: Run ReadHtmlCache Behavior [ RunTime:0.000835s ]
INFO: Run CheckLang Behavior [ RunTime:0.001129s ]
INFO: [ app_begin ] --END-- [ RunTime:0.002142s ]
SQL: SHOW COLUMNS FROM `open_member` [ RunTime:0.007906s ]
SQL: SELECT `id` FROM `open_member` WHERE ( `email` = '1029858078@qq.com' ) LIMIT 1   [ RunTime:0.000322s ]

[ 2013-08-18T19:55:17+08:00 ] 127.0.0.1 /open_ppsuc/member.php/ajax/ajaxrepetaemail?email=%E4%B8%891029858078@qq.com
INFO: [ app_begin ] --START--
INFO: Run ReadHtmlCache Behavior [ RunTime:0.000755s ]
INFO: Run CheckLang Behavior [ RunTime:0.000800s ]
INFO: [ app_begin ] --END-- [ RunTime:0.001726s ]
SQL: SHOW COLUMNS FROM `open_member` [ RunTime:0.007001s ]
SQL: SELECT `id` FROM `open_member` WHERE ( `email` = '三1029858078@qq.com' ) LIMIT 1   [ RunTime:0.000318s ]

[ 2013-08-18T19:55:19+08:00 ] 127.0.0.1 /open_ppsuc/member.php/ajax/ajaxrepetaemail?email=32029858078@qq.com
INFO: [ app_begin ] --START--
INFO: Run ReadHtmlCache Behavior [ RunTime:0.000464s ]
INFO: Run CheckLang Behavior [ RunTime:0.000771s ]
INFO: [ app_begin ] --END-- [ RunTime:0.001364s ]
SQL: SHOW COLUMNS FROM `open_member` [ RunTime:0.007750s ]
SQL: SELECT `id` FROM `open_member` WHERE ( `email` = '32029858078@qq.com' ) LIMIT 1   [ RunTime:0.000310s ]

[ 2013-08-18T19:55:44+08:00 ] 127.0.0.1 /open_ppsuc/member.php/ajax/ajaxrepetaemail?email=32029858078@qq.com
INFO: [ app_begin ] --START--
INFO: Run ReadHtmlCache Behavior [ RunTime:0.000601s ]
INFO: Run CheckLang Behavior [ RunTime:0.000847s ]
INFO: [ app_begin ] --END-- [ RunTime:0.001616s ]
SQL: SHOW COLUMNS FROM `open_member` [ RunTime:0.007496s ]
SQL: SELECT `id` FROM `open_member` WHERE ( `email` = '32029858078@qq.com' ) LIMIT 1   [ RunTime:0.000364s ]

[ 2013-08-18T19:55:47+08:00 ] 127.0.0.1 /open_ppsuc/member.php/ajax/ajaxrepetaemail?email=32029858078@qq.com
INFO: [ app_begin ] --START--
INFO: Run ReadHtmlCache Behavior [ RunTime:0.000598s ]
INFO: Run CheckLang Behavior [ RunTime:0.001183s ]
INFO: [ app_begin ] --END-- [ RunTime:0.001974s ]
SQL: SHOW COLUMNS FROM `open_member` [ RunTime:0.006822s ]
SQL: SELECT `id` FROM `open_member` WHERE ( `email` = '32029858078@qq.com' ) LIMIT 1   [ RunTime:0.000353s ]

[ 2013-08-18T23:38:34+08:00 ] 127.0.0.1 /open_ppsuc/member.php/ajax/ajaxrepetaemail?email=whrlmc@139.com
INFO: [ app_begin ] --START--
INFO: Run ReadHtmlCache Behavior [ RunTime:0.000534s ]
INFO: Run CheckLang Behavior [ RunTime:0.001922s ]
INFO: [ app_begin ] --END-- [ RunTime:0.002672s ]
SQL: SHOW COLUMNS FROM `open_member` [ RunTime:0.007074s ]
SQL: SELECT `id` FROM `open_member` WHERE ( `email` = 'whrlmc@139.com' ) LIMIT 1   [ RunTime:0.000607s ]

