[ 2013-08-19T00:00:32+08:00 ] 127.0.0.1 /open_ppsuc/member.php/ajax/ajaxrepetaemail?email=1029858078@qq.com
INFO: [ app_begin ] --START--
INFO: Run ReadHtmlCache Behavior [ RunTime:0.000500s ]
INFO: Run CheckLang Behavior [ RunTime:0.000812s ]
INFO: [ app_begin ] --END-- [ RunTime:0.001449s ]
SQL: SHOW COLUMNS FROM `open_member` [ RunTime:0.007648s ]
SQL: SELECT `id` FROM `open_member` WHERE ( `email` = '1029858078@qq.com' ) LIMIT 1   [ RunTime:0.000336s ]

[ 2013-08-19T00:00:34+08:00 ] 127.0.0.1 /open_ppsuc/member.php/ajax/ajaxrepetaemail?email=10298580738@qq.com
INFO: [ app_begin ] --START--
INFO: Run ReadHtmlCache Behavior [ RunTime:0.000543s ]
INFO: Run CheckLang Behavior [ RunTime:0.001378s ]
INFO: [ app_begin ] --END-- [ RunTime:0.002165s ]
SQL: SHOW COLUMNS FROM `open_member` [ RunTime:0.007486s ]
SQL: SELECT `id` FROM `open_member` WHERE ( `email` = '10298580738@qq.com' ) LIMIT 1   [ RunTime:0.000338s ]

[ 2013-08-19T01:05:56+08:00 ] 127.0.0.1 /open_ppsuc/member.php/ajax/ajaxrepetaemail?email=
INFO: [ app_begin ] --START--
INFO: Run ReadHtmlCache Behavior [ RunTime:0.000542s ]
INFO: Run CheckLang Behavior [ RunTime:0.000847s ]
INFO: [ app_begin ] --END-- [ RunTime:0.001540s ]
SQL: SHOW COLUMNS FROM `open_member` [ RunTime:0.007017s ]
SQL: SELECT `id` FROM `open_member` WHERE ( `email` = '' ) LIMIT 1   [ RunTime:0.000387s ]

[ 2013-08-19T02:27:11+08:00 ] ERR: (ThinkException) Model:getN您所请求的方法不存在！
